<?xml version="1.0" encoding="UTF-8"?>
<testng-results retried="1" ignored="1" total="7" passed="4" failed="1" skipped="0">
  <reporter-output>
  </reporter-output>
  <suite started-at="2026-09-16T22:44:46 IST" name="Suite" finished-at="2026-09-16T22:45:50 IST" duration-ms="63937">
    <groups>
      <group name="ErrorHandling">
        <method signature="ErrorValidation.LoginErrorValidation()[pri:0, instance:eCommerceAutomationE2E.Tests.ErrorValidation@57a3e26a]" name="LoginErrorValidation" class="eCommerceAutomationE2E.Tests.ErrorValidation"/>
      </group> <!-- ErrorHandling -->
      <group name="OrderPurchase">
        <method signature="StandaloneTestcase.SubmitOrder(java.util.HashMap)[pri:0, instance:eCommerceAutomationE2E.Tests.StandaloneTestcase@f58853c]" name="SubmitOrder" class="eCommerceAutomationE2E.Tests.StandaloneTestcase"/>
      </group> <!-- OrderPurchase -->
    </groups>
    <test started-at="2026-09-16T22:44:46 IST" name="ErrorValidation Test" finished-at="2026-09-16T22:45:40 IST" duration-ms="54564">
      <class name="eCommerceAutomationE2E.Tests.ErrorValidation">
        <test-method is-config="true" signature="loginLandingPage()[pri:0, instance:eCommerceAutomationE2E.Tests.ErrorValidation@57a3e26a]" started-at="2026-09-16T22:44:46 IST" name="loginLandingPage" finished-at="2026-09-16T22:44:54 IST" duration-ms="8050" status="PASS">
          <reporter-output>
          </reporter-output>
        </test-method> <!-- loginLandingPage -->
        <test-method retried="true" signature="LoginErrorValidation()[pri:0, instance:eCommerceAutomationE2E.Tests.ErrorValidation@57a3e26a]" started-at="2026-09-16T22:44:54 IST" name="LoginErrorValidation" finished-at="2026-09-16T22:45:01 IST" duration-ms="6923" status="SKIP">
          <exception class="java.lang.AssertionError">
            <message>
              <![CDATA[expected [Incorrect  or password.] but found [Incorrect email or password.]]]>
            </message>
            <full-stacktrace>
              <![CDATA[java.lang.AssertionError: expected [Incorrect  or password.] but found [Incorrect email or password.]
at org.testng.Assert.fail(Assert.java:111)
at org.testng.Assert.failNotEquals(Assert.java:1578)
at org.testng.Assert.assertEqualsImpl(Assert.java:150)
at org.testng.Assert.assertEquals(Assert.java:132)
at org.testng.Assert.assertEquals(Assert.java:656)
at org.testng.Assert.assertEquals(Assert.java:666)
at eCommerceAutomationE2E.Tests.ErrorValidation.LoginErrorValidation(ErrorValidation.java:22)
at java.base/jdk.internal.reflect.DirectMethodHandleAccessor.invoke(DirectMethodHandleAccessor.java:103)
at java.base/java.lang.reflect.Method.invoke(Method.java:580)
at org.testng.internal.invokers.MethodInvocationHelper.invokeMethod(MethodInvocationHelper.java:141)
at org.testng.internal.invokers.TestInvoker.invokeMethod(TestInvoker.java:686)
at org.testng.internal.invokers.TestInvoker.invokeTestMethod(TestInvoker.java:230)
at org.testng.internal.invokers.MethodRunner.runInSequence(MethodRunner.java:63)
at org.testng.internal.invokers.TestInvoker$MethodInvocationAgent.invoke(TestInvoker.java:992)
at org.testng.internal.invokers.TestInvoker.invokeTestMethods(TestInvoker.java:203)
at org.testng.internal.invokers.TestMethodWorker.invokeTestMethods(TestMethodWorker.java:154)
at org.testng.internal.invokers.TestMethodWorker.run(TestMethodWorker.java:134)
at java.base/java.util.ArrayList.forEach(ArrayList.java:1596)
at org.testng.TestRunner.privateRun(TestRunner.java:739)
at org.testng.TestRunner.run(TestRunner.java:614)
at org.testng.SuiteRunner.runTest(SuiteRunner.java:421)
at org.testng.SuiteRunner$SuiteWorker.run(SuiteRunner.java:463)
at org.testng.internal.thread.ThreadUtil.lambda$execute$0(ThreadUtil.java:64)
at java.base/java.util.concurrent.FutureTask.run(FutureTask.java:317)
at java.base/java.util.concurrent.ThreadPoolExecutor.runWorker(ThreadPoolExecutor.java:1144)
at java.base/java.util.concurrent.ThreadPoolExecutor$Worker.run(ThreadPoolExecutor.java:642)
at java.base/java.lang.Thread.run(Thread.java:1583)
]]>
            </full-stacktrace>
          </exception> <!-- java.lang.AssertionError -->
          <reporter-output>
          </reporter-output>
        </test-method> <!-- LoginErrorValidation -->
        <test-method is-config="true" signature="closeBrowser()[pri:0, instance:eCommerceAutomationE2E.Tests.ErrorValidation@57a3e26a]" started-at="2026-09-16T22:45:01 IST" name="closeBrowser" finished-at="2026-09-16T22:45:03 IST" duration-ms="2568" status="PASS">
          <reporter-output>
          </reporter-output>
        </test-method> <!-- closeBrowser -->
        <test-method is-config="true" signature="loginLandingPage()[pri:0, instance:eCommerceAutomationE2E.Tests.ErrorValidation@57a3e26a]" started-at="2026-09-16T22:45:03 IST" name="loginLandingPage" finished-at="2026-09-16T22:45:09 IST" duration-ms="5966" status="PASS">
          <reporter-output>
          </reporter-output>
        </test-method> <!-- loginLandingPage -->
        <test-method signature="LoginErrorValidation()[pri:0, instance:eCommerceAutomationE2E.Tests.ErrorValidation@57a3e26a]" started-at="2026-09-16T22:45:09 IST" name="LoginErrorValidation" finished-at="2026-09-16T22:45:19 IST" duration-ms="9240" status="FAIL">
          <exception class="java.lang.AssertionError">
            <message>
              <![CDATA[expected [Incorrect  or password.] but found [Incorrect email or password.]]]>
            </message>
            <full-stacktrace>
              <![CDATA[java.lang.AssertionError: expected [Incorrect  or password.] but found [Incorrect email or password.]
at org.testng.Assert.fail(Assert.java:111)
at org.testng.Assert.failNotEquals(Assert.java:1578)
at org.testng.Assert.assertEqualsImpl(Assert.java:150)
at org.testng.Assert.assertEquals(Assert.java:132)
at org.testng.Assert.assertEquals(Assert.java:656)
at org.testng.Assert.assertEquals(Assert.java:666)
at eCommerceAutomationE2E.Tests.ErrorValidation.LoginErrorValidation(ErrorValidation.java:22)
at java.base/jdk.internal.reflect.DirectMethodHandleAccessor.invoke(DirectMethodHandleAccessor.java:103)
at java.base/java.lang.reflect.Method.invoke(Method.java:580)
at org.testng.internal.invokers.MethodInvocationHelper.invokeMethod(MethodInvocationHelper.java:141)
at org.testng.internal.invokers.TestInvoker.invokeMethod(TestInvoker.java:686)
at org.testng.internal.invokers.TestInvoker.retryFailed(TestInvoker.java:269)
at org.testng.internal.invokers.MethodRunner.runInSequence(MethodRunner.java:76)
at org.testng.internal.invokers.TestInvoker$MethodInvocationAgent.invoke(TestInvoker.java:992)
at org.testng.internal.invokers.TestInvoker.invokeTestMethods(TestInvoker.java:203)
at org.testng.internal.invokers.TestMethodWorker.invokeTestMethods(TestMethodWorker.java:154)
at org.testng.internal.invokers.TestMethodWorker.run(TestMethodWorker.java:134)
at java.base/java.util.ArrayList.forEach(ArrayList.java:1596)
at org.testng.TestRunner.privateRun(TestRunner.java:739)
at org.testng.TestRunner.run(TestRunner.java:614)
at org.testng.SuiteRunner.runTest(SuiteRunner.java:421)
at org.testng.SuiteRunner$SuiteWorker.run(SuiteRunner.java:463)
at org.testng.internal.thread.ThreadUtil.lambda$execute$0(ThreadUtil.java:64)
at java.base/java.util.concurrent.FutureTask.run(FutureTask.java:317)
at java.base/java.util.concurrent.ThreadPoolExecutor.runWorker(ThreadPoolExecutor.java:1144)
at java.base/java.util.concurrent.ThreadPoolExecutor$Worker.run(ThreadPoolExecutor.java:642)
at java.base/java.lang.Thread.run(Thread.java:1583)
]]>
            </full-stacktrace>
          </exception> <!-- java.lang.AssertionError -->
          <reporter-output>
          </reporter-output>
        </test-method> <!-- LoginErrorValidation -->
        <test-method is-config="true" signature="closeBrowser()[pri:0, instance:eCommerceAutomationE2E.Tests.ErrorValidation@57a3e26a]" started-at="2026-09-16T22:45:20 IST" name="closeBrowser" finished-at="2026-09-16T22:45:25 IST" duration-ms="5032" status="PASS">
          <reporter-output>
          </reporter-output>
        </test-method> <!-- closeBrowser -->
        <test-method is-config="true" signature="loginLandingPage()[pri:0, instance:eCommerceAutomationE2E.Tests.ErrorValidation@57a3e26a]" started-at="2026-09-16T22:45:25 IST" name="loginLandingPage" finished-at="2026-09-16T22:45:30 IST" duration-ms="5596" status="PASS">
          <reporter-output>
          </reporter-output>
        </test-method> <!-- loginLandingPage -->
        <test-method signature="productErrorValidation()[pri:0, instance:eCommerceAutomationE2E.Tests.ErrorValidation@57a3e26a]" started-at="2026-09-16T22:45:30 IST" name="productErrorValidation" finished-at="2026-09-16T22:45:35 IST" duration-ms="4919" status="PASS">
          <reporter-output>
          </reporter-output>
        </test-method> <!-- productErrorValidation -->
        <test-method is-config="true" signature="closeBrowser()[pri:0, instance:eCommerceAutomationE2E.Tests.ErrorValidation@57a3e26a]" started-at="2026-09-16T22:45:35 IST" name="closeBrowser" finished-at="2026-09-16T22:45:40 IST" duration-ms="5103" status="PASS">
          <reporter-output>
          </reporter-output>
        </test-method> <!-- closeBrowser -->
      </class> <!-- eCommerceAutomationE2E.Tests.ErrorValidation -->
    </test> <!-- ErrorValidation Test -->
    <test started-at="2026-09-16T22:44:46 IST" name="StandaloneTestcase Test" finished-at="2026-09-16T22:45:50 IST" duration-ms="63937">
      <class name="eCommerceAutomationE2E.Tests.StandaloneTestcase">
        <test-method is-config="true" signature="loginLandingPage()[pri:0, instance:eCommerceAutomationE2E.Tests.StandaloneTestcase@f58853c]" started-at="2026-09-16T22:44:47 IST" name="loginLandingPage" finished-at="2026-09-16T22:44:53 IST" duration-ms="6918" status="PASS">
          <reporter-output>
          </reporter-output>
        </test-method> <!-- loginLandingPage -->
        <test-method signature="SubmitOrder(java.util.HashMap)[pri:0, instance:eCommerceAutomationE2E.Tests.StandaloneTestcase@f58853c]" started-at="2026-09-16T22:44:53 IST" name="SubmitOrder" data-provider="getData" finished-at="2026-09-16T22:45:02 IST" duration-ms="8339" status="PASS">
          <params>
            <param index="0">
              <value>
                <![CDATA[{userEmail=demonslayer@gmail.com, productName=ZARA COAT 3, userPass=DemonSlayer123}]]>
              </value>
            </param>
          </params>
          <reporter-output>
          </reporter-output>
        </test-method> <!-- SubmitOrder -->
        <test-method is-config="true" signature="closeBrowser()[pri:0, instance:eCommerceAutomationE2E.Tests.StandaloneTestcase@f58853c]" started-at="2026-09-16T22:45:02 IST" name="closeBrowser" finished-at="2026-09-16T22:45:18 IST" duration-ms="15949" status="PASS">
          <reporter-output>
          </reporter-output>
        </test-method> <!-- closeBrowser -->
        <test-method is-config="true" signature="loginLandingPage()[pri:0, instance:eCommerceAutomationE2E.Tests.StandaloneTestcase@f58853c]" started-at="2026-09-16T22:45:18 IST" name="loginLandingPage" finished-at="2026-09-16T22:45:24 IST" duration-ms="6217" status="PASS">
          <reporter-output>
          </reporter-output>
        </test-method> <!-- loginLandingPage -->
        <test-method signature="SubmitOrder(java.util.HashMap)[pri:0, instance:eCommerceAutomationE2E.Tests.StandaloneTestcase@f58853c]" started-at="2026-09-16T22:45:24 IST" name="SubmitOrder" data-provider="getData" finished-at="2026-09-16T22:45:31 IST" duration-ms="7246" status="PASS">
          <params>
            <param index="0">
              <value>
                <![CDATA[{userEmail=ironman@avengers.com, productName=ADIDAS ORIGINAL, userPass=IronMan123}]]>
              </value>
            </param>
          </params>
          <reporter-output>
          </reporter-output>
        </test-method> <!-- SubmitOrder -->
        <test-method is-config="true" signature="closeBrowser()[pri:0, instance:eCommerceAutomationE2E.Tests.StandaloneTestcase@f58853c]" started-at="2026-09-16T22:45:31 IST" name="closeBrowser" finished-at="2026-09-16T22:45:40 IST" duration-ms="9179" status="PASS">
          <reporter-output>
          </reporter-output>
        </test-method> <!-- closeBrowser -->
        <test-method is-config="true" signature="loginLandingPage()[pri:0, instance:eCommerceAutomationE2E.Tests.StandaloneTestcase@f58853c]" started-at="2026-09-16T22:45:40 IST" name="loginLandingPage" finished-at="2026-09-16T22:45:48 IST" duration-ms="7147" status="PASS">
          <reporter-output>
          </reporter-output>
        </test-method> <!-- loginLandingPage -->
        <test-method signature="OrderHistoryTest()[pri:0, instance:eCommerceAutomationE2E.Tests.StandaloneTestcase@f58853c]" started-at="2026-09-16T22:45:48 IST" name="OrderHistoryTest" finished-at="2026-09-16T22:45:49 IST" depends-on-methods="eCommerceAutomationE2E.Tests.StandaloneTestcase.SubmitOrder" duration-ms="1714" status="PASS">
          <reporter-output>
          </reporter-output>
        </test-method> <!-- OrderHistoryTest -->
        <test-method is-config="true" signature="closeBrowser()[pri:0, instance:eCommerceAutomationE2E.Tests.StandaloneTestcase@f58853c]" started-at="2026-09-16T22:45:49 IST" name="closeBrowser" finished-at="2026-09-16T22:45:50 IST" duration-ms="442" status="PASS">
          <reporter-output>
          </reporter-output>
        </test-method> <!-- closeBrowser -->
      </class> <!-- eCommerceAutomationE2E.Tests.StandaloneTestcase -->
    </test> <!-- StandaloneTestcase Test -->
  </suite> <!-- Suite -->
</testng-results>
