<?xml version="1.0" encoding="UTF-8"?>
<testng-results ignored="3" total="4" passed="1" failed="0" skipped="0">
  <reporter-output>
  </reporter-output>
  <suite started-at="2026-09-14T15:44:04 IST" name="Suite" finished-at="2026-09-14T15:44:11 IST" duration-ms="7490">
    <groups>
      <group name="ErrorHandling">
        <method signature="ErrorValidation.LoginErrorValidation()[pri:0, instance:eCommerceAutomationE2E.Tests.ErrorValidation@ba2f4ec]" name="LoginErrorValidation" class="eCommerceAutomationE2E.Tests.ErrorValidation"/>
      </group> <!-- ErrorHandling -->
    </groups>
    <test started-at="2026-09-14T15:44:04 IST" name="StandaloneTestcase Test" finished-at="2026-09-14T15:44:04 IST" duration-ms="29">
    </test> <!-- StandaloneTestcase Test -->
    <test started-at="2026-09-14T15:44:04 IST" name="ErrorValidation Test" finished-at="2026-09-14T15:44:11 IST" duration-ms="7490">
      <class name="eCommerceAutomationE2E.Tests.ErrorValidation">
        <test-method signature="LoginErrorValidation()[pri:0, instance:eCommerceAutomationE2E.Tests.ErrorValidation@ba2f4ec]" started-at="2026-09-14T15:44:04 IST" name="LoginErrorValidation" finished-at="2026-09-14T15:44:11 IST" duration-ms="7322" status="PASS">
          <reporter-output>
          </reporter-output>
        </test-method> <!-- LoginErrorValidation -->
      </class> <!-- eCommerceAutomationE2E.Tests.ErrorValidation -->
    </test> <!-- ErrorValidation Test -->
  </suite> <!-- Suite -->
</testng-results>
