<?xml version="1.0" encoding="UTF-8"?>
<!-- Generated by org.testng.reporters.JUnitXMLReporter -->
<testsuite ignored="0" hostname="DESKTOP-TVNHHO3" failures="0" tests="2" name="Default test" time="19.36" errors="0" timestamp="2026-09-14T15:03:04 IST">
  <testcase classname="eCommerceAutomationE2E.Tests.ErrorValidation" name="LoginErrorValidation" time="4.837"/>
  <testcase classname="eCommerceAutomationE2E.Tests.ErrorValidation" name="productErrorValidation" time="5.298"/>
</testsuite> <!-- Default test -->
