<?xml version="1.0" encoding="UTF-8"?>
<!-- Generated by org.testng.reporters.JUnitReportReporter -->
<testsuite hostname="DESKTOP-TVNHHO3" failures="0" tests="2" name="eCommerceAutomationE2E.Tests.StandaloneTestcase" time="19.664" errors="0" timestamp="2026-09-14T22:21:20 IST" skipped="0">
  <testcase classname="eCommerceAutomationE2E.Tests.StandaloneTestcase" name="SubmitOrder" time="12.068"/>
  <testcase classname="eCommerceAutomationE2E.Tests.StandaloneTestcase" name="SubmitOrder" time="7.596"/>
</testsuite> <!-- eCommerceAutomationE2E.Tests.StandaloneTestcase -->
