<?xml version="1.0" encoding="UTF-8"?>
<!-- Generated by org.testng.reporters.JUnitReportReporter -->
<testsuite hostname="DESKTOP-TVNHHO3" failures="0" tests="2" name="eCommerceAutomationE2E.Tests.StandaloneTestcase" time="45.906" errors="0" timestamp="2026-09-14T15:04:56 IST" skipped="0">
  <testcase classname="eCommerceAutomationE2E.Tests.StandaloneTestcase" name="SubmitOrder" time="35.560"/>
  <testcase classname="eCommerceAutomationE2E.Tests.StandaloneTestcase" name="OrderHistoryTest" time="10.346"/>
</testsuite> <!-- eCommerceAutomationE2E.Tests.StandaloneTestcase -->
