<?xml version="1.0" encoding="UTF-8"?>
<!-- Generated by org.testng.reporters.JUnitXMLReporter -->
<testsuite ignored="0" hostname="DESKTOP-TVNHHO3" failures="1" tests="3" name="ErrorValidation Test" time="54.564" errors="0" timestamp="2026-09-16T22:45:44 IST">
  <testcase classname="eCommerceAutomationE2E.Tests.ErrorValidation" name="LoginErrorValidation" time="6.923">
    <skipped/>
  </testcase> <!-- LoginErrorValidation -->
  <testcase classname="eCommerceAutomationE2E.Tests.ErrorValidation" name="LoginErrorValidation" time="9.24">
    <failure type="java.lang.AssertionError" message="expected [Incorrect  or password.] but found [Incorrect email or password.]">
      <![CDATA[java.lang.AssertionError: expected [Incorrect  or password.] but found [Incorrect email or password.]
at eCommerceAutomationE2E.Tests.ErrorValidation.LoginErrorValidation(ErrorValidation.java:22)
at java.base/java.util.ArrayList.forEach(ArrayList.java:1596)
at java.base/java.util.concurrent.FutureTask.run(FutureTask.java:317)
at java.base/java.util.concurrent.ThreadPoolExecutor.runWorker(ThreadPoolExecutor.java:1144)
at java.base/java.util.concurrent.ThreadPoolExecutor$Worker.run(ThreadPoolExecutor.java:642)
at java.base/java.lang.Thread.run(Thread.java:1583)
... Removed 21 stack frames]]>
    </failure>
  </testcase> <!-- LoginErrorValidation -->
  <testcase classname="eCommerceAutomationE2E.Tests.ErrorValidation" name="productErrorValidation" time="4.919"/>
</testsuite> <!-- ErrorValidation Test -->
