<?xml version="1.0" encoding="UTF-8"?>
<!-- Generated by org.testng.reporters.JUnitXMLReporter -->
<testsuite ignored="2" hostname="DESKTOP-TVNHHO3" failures="0" tests="0" time="0.029" errors="0" timestamp="2026-09-14T15:44:04 IST">
  <testcase classname="eCommerceAutomationE2E.Tests.StandaloneTestcase" name="SubmitOrder" time="0.0">
    <ignored/>
  </testcase> <!-- SubmitOrder -->
  <testcase classname="eCommerceAutomationE2E.Tests.StandaloneTestcase" name="OrderHistoryTest" time="0.0">
    <ignored/>
  </testcase> <!-- OrderHistoryTest -->
</testsuite>
