<?xml version="1.0" encoding="UTF-8"?>
<!-- Generated by org.testng.reporters.JUnitXMLReporter -->
<testsuite ignored="1" hostname="DESKTOP-TVNHHO3" failures="0" tests="2" name="StandaloneTestcase Test" time="20.319" errors="0" timestamp="2026-09-14T22:21:20 IST">
  <testcase classname="eCommerceAutomationE2E.Tests.StandaloneTestcase" name="SubmitOrder" time="4.81"/>
  <testcase classname="eCommerceAutomationE2E.Tests.StandaloneTestcase" name="SubmitOrder" time="4.863"/>
  <testcase classname="eCommerceAutomationE2E.Tests.StandaloneTestcase" name="OrderHistoryTest" time="0.0">
    <ignored/>
  </testcase> <!-- OrderHistoryTest -->
</testsuite> <!-- StandaloneTestcase Test -->
